{"level":"info","message":"****************************************************","timestamp":"2016-10-18T08:25:46.179Z"}
{"level":"info","message":"* * Application started on http://localhost:7000/  *","timestamp":"2016-10-18T08:25:46.181Z"}
{"level":"info","message":"****************************************************","timestamp":"2016-10-18T08:25:46.181Z"}
{"level":"info","message":"****************************************************","timestamp":"2016-10-18T08:25:46.823Z"}
{"level":"info","message":"* * Application started on http://localhost:7000/  *","timestamp":"2016-10-18T08:25:46.824Z"}
{"level":"info","message":"****************************************************","timestamp":"2016-10-18T08:25:46.824Z"}
{"level":"debug","message":"request comes to node. path = /... now = 2016-10-18 16:25:58","timestamp":"2016-10-18T08:25:58.024Z"}
{"level":"debug","message":"request comes to node. path = /favicon.ico... now = 2016-10-18 16:25:58","timestamp":"2016-10-18T08:25:58.172Z"}
{"level":"debug","message":"request comes to node. path = /index... now = 2016-10-18 16:26:01","timestamp":"2016-10-18T08:26:01.487Z"}
{"level":"debug","message":"request comes to node. path = /trigger/index... now = 2016-10-18 16:26:01","timestamp":"2016-10-18T08:26:01.494Z"}
{"level":"info","message":"****************************************************","timestamp":"2016-10-18T08:26:21.074Z"}
{"level":"info","message":"* * Application started on http://localhost:7000/  *","timestamp":"2016-10-18T08:26:21.076Z"}
{"level":"info","message":"****************************************************","timestamp":"2016-10-18T08:26:21.076Z"}
{"level":"debug","message":"request comes to node. path = /trigger/index... now = 2016-10-18 16:26:21","timestamp":"2016-10-18T08:26:21.232Z"}
{"level":"info","message":"****************************************************","timestamp":"2016-10-18T08:26:32.915Z"}
{"level":"info","message":"* * Application started on http://localhost:7000/  *","timestamp":"2016-10-18T08:26:32.917Z"}
{"level":"info","message":"****************************************************","timestamp":"2016-10-18T08:26:32.917Z"}
{"level":"debug","message":"request comes to node. path = /trigger/index... now = 2016-10-18 16:26:33","timestamp":"2016-10-18T08:26:33.636Z"}
{"level":"info","message":"****************************************************","timestamp":"2016-10-18T08:26:42.245Z"}
{"level":"info","message":"* * Application started on http://localhost:7000/  *","timestamp":"2016-10-18T08:26:42.247Z"}
{"level":"info","message":"****************************************************","timestamp":"2016-10-18T08:26:42.247Z"}
{"level":"debug","message":"request comes to node. path = /trigger/index... now = 2016-10-18 16:26:42","timestamp":"2016-10-18T08:26:42.739Z"}
{"level":"info","message":"****************************************************","timestamp":"2016-10-18T08:27:02.371Z"}
{"level":"info","message":"* * Application started on http://localhost:7000/  *","timestamp":"2016-10-18T08:27:02.372Z"}
{"level":"info","message":"****************************************************","timestamp":"2016-10-18T08:27:02.372Z"}
{"level":"debug","message":"request comes to node. path = /trigger/index... now = 2016-10-18 16:27:02","timestamp":"2016-10-18T08:27:02.987Z"}
{"level":"info","message":"****************************************************","timestamp":"2016-10-18T08:27:22.158Z"}
{"level":"info","message":"* * Application started on http://localhost:7000/  *","timestamp":"2016-10-18T08:27:22.159Z"}
{"level":"info","message":"****************************************************","timestamp":"2016-10-18T08:27:22.159Z"}
{"level":"info","message":"****************************************************","timestamp":"2016-10-18T08:27:26.049Z"}
{"level":"info","message":"* * Application started on http://localhost:7000/  *","timestamp":"2016-10-18T08:27:26.050Z"}
{"level":"info","message":"****************************************************","timestamp":"2016-10-18T08:27:26.050Z"}
{"level":"debug","message":"request comes to node. path = /trigger/index... now = 2016-10-18 16:27:26","timestamp":"2016-10-18T08:27:26.820Z"}
{"level":"info","message":"****************************************************","timestamp":"2016-10-18T08:27:46.159Z"}
{"level":"info","message":"* * Application started on http://localhost:7000/  *","timestamp":"2016-10-18T08:27:46.161Z"}
{"level":"info","message":"****************************************************","timestamp":"2016-10-18T08:27:46.161Z"}
{"level":"debug","message":"request comes to node. path = /trigger/index... now = 2016-10-18 16:27:46","timestamp":"2016-10-18T08:27:46.689Z"}
{"level":"info","message":"****************************************************","timestamp":"2016-10-18T08:28:03.417Z"}
{"level":"info","message":"* * Application started on http://localhost:7000/  *","timestamp":"2016-10-18T08:28:03.419Z"}
{"level":"info","message":"****************************************************","timestamp":"2016-10-18T08:28:03.419Z"}
{"level":"info","message":"****************************************************","timestamp":"2016-10-18T08:29:37.739Z"}
{"level":"info","message":"* * Application started on http://localhost:7000/  *","timestamp":"2016-10-18T08:29:37.740Z"}
{"level":"info","message":"****************************************************","timestamp":"2016-10-18T08:29:37.741Z"}
{"level":"info","message":"****************************************************","timestamp":"2016-10-18T08:29:51.750Z"}
{"level":"info","message":"* * Application started on http://localhost:7000/  *","timestamp":"2016-10-18T08:29:51.751Z"}
{"level":"info","message":"****************************************************","timestamp":"2016-10-18T08:29:51.751Z"}
{"level":"info","message":"****************************************************","timestamp":"2016-10-18T08:30:09.292Z"}
{"level":"info","message":"* * Application started on http://localhost:7000/  *","timestamp":"2016-10-18T08:30:09.293Z"}
{"level":"info","message":"****************************************************","timestamp":"2016-10-18T08:30:09.294Z"}
{"level":"debug","message":"request comes to node. path = /trigger/index... now = 2016-10-18 16:30:09","timestamp":"2016-10-18T08:30:09.496Z"}
{"level":"info","message":"****************************************************","timestamp":"2016-10-18T08:31:58.132Z"}
{"level":"info","message":"* * Application started on http://localhost:7000/  *","timestamp":"2016-10-18T08:31:58.133Z"}
{"level":"info","message":"****************************************************","timestamp":"2016-10-18T08:31:58.134Z"}
{"level":"info","message":"****************************************************","timestamp":"2016-10-18T08:32:05.442Z"}
{"level":"info","message":"* * Application started on http://localhost:7000/  *","timestamp":"2016-10-18T08:32:05.443Z"}
{"level":"info","message":"****************************************************","timestamp":"2016-10-18T08:32:05.443Z"}
{"level":"info","message":"****************************************************","timestamp":"2016-10-18T08:32:35.089Z"}
{"level":"info","message":"* * Application started on http://localhost:7000/  *","timestamp":"2016-10-18T08:32:35.090Z"}
{"level":"info","message":"****************************************************","timestamp":"2016-10-18T08:32:35.090Z"}
{"level":"info","message":"****************************************************","timestamp":"2016-10-18T08:33:00.960Z"}
{"level":"info","message":"* * Application started on http://localhost:7000/  *","timestamp":"2016-10-18T08:33:00.962Z"}
{"level":"info","message":"****************************************************","timestamp":"2016-10-18T08:33:00.962Z"}
{"level":"debug","message":"request comes to node. path = /trigger/index... now = 2016-10-18 16:33:08","timestamp":"2016-10-18T08:33:08.936Z"}
{"level":"info","message":"****************************************************","timestamp":"2016-10-18T08:33:19.779Z"}
{"level":"info","message":"* * Application started on http://localhost:7000/  *","timestamp":"2016-10-18T08:33:19.780Z"}
{"level":"info","message":"****************************************************","timestamp":"2016-10-18T08:33:19.780Z"}
{"level":"debug","message":"request comes to node. path = /trigger/index... now = 2016-10-18 16:33:20","timestamp":"2016-10-18T08:33:20.391Z"}
{"level":"info","message":"****************************************************","timestamp":"2016-10-18T08:33:52.649Z"}
{"level":"info","message":"* * Application started on http://localhost:7000/  *","timestamp":"2016-10-18T08:33:52.650Z"}
{"level":"info","message":"****************************************************","timestamp":"2016-10-18T08:33:52.651Z"}
{"level":"debug","message":"request comes to node. path = /trigger/index... now = 2016-10-18 16:33:52","timestamp":"2016-10-18T08:33:52.861Z"}
{"level":"info","message":"****************************************************","timestamp":"2016-10-18T08:35:12.869Z"}
{"level":"info","message":"* * Application started on http://localhost:7000/  *","timestamp":"2016-10-18T08:35:12.871Z"}
{"level":"info","message":"****************************************************","timestamp":"2016-10-18T08:35:12.871Z"}
{"level":"info","message":"****************************************************","timestamp":"2016-10-18T08:42:29.429Z"}
{"level":"info","message":"* * Application started on http://localhost:7000/  *","timestamp":"2016-10-18T08:42:29.430Z"}
{"level":"info","message":"****************************************************","timestamp":"2016-10-18T08:42:29.430Z"}
{"level":"info","message":"****************************************************","timestamp":"2016-10-18T08:45:06.094Z"}
{"level":"info","message":"* * Application started on http://localhost:7000/  *","timestamp":"2016-10-18T08:45:06.096Z"}
{"level":"info","message":"****************************************************","timestamp":"2016-10-18T08:45:06.096Z"}
{"level":"info","message":"****************************************************","timestamp":"2016-10-18T08:45:12.824Z"}
{"level":"info","message":"* * Application started on http://localhost:7000/  *","timestamp":"2016-10-18T08:45:12.825Z"}
{"level":"info","message":"****************************************************","timestamp":"2016-10-18T08:45:12.825Z"}
{"level":"info","message":"****************************************************","timestamp":"2016-10-18T08:45:18.311Z"}
{"level":"info","message":"* * Application started on http://localhost:7000/  *","timestamp":"2016-10-18T08:45:18.312Z"}
{"level":"info","message":"****************************************************","timestamp":"2016-10-18T08:45:18.312Z"}
{"level":"info","message":"****************************************************","timestamp":"2016-10-18T08:45:56.195Z"}
{"level":"info","message":"* * Application started on http://localhost:7000/  *","timestamp":"2016-10-18T08:45:56.197Z"}
{"level":"info","message":"****************************************************","timestamp":"2016-10-18T08:45:56.197Z"}
{"level":"info","message":"****************************************************","timestamp":"2016-10-18T08:46:00.361Z"}
{"level":"info","message":"* * Application started on http://localhost:7000/  *","timestamp":"2016-10-18T08:46:00.362Z"}
{"level":"info","message":"****************************************************","timestamp":"2016-10-18T08:46:00.362Z"}
{"level":"info","message":"****************************************************","timestamp":"2016-10-18T08:46:10.501Z"}
{"level":"info","message":"* * Application started on http://localhost:7000/  *","timestamp":"2016-10-18T08:46:10.502Z"}
{"level":"info","message":"****************************************************","timestamp":"2016-10-18T08:46:10.502Z"}
{"level":"info","message":"****************************************************","timestamp":"2016-10-18T08:46:26.869Z"}
{"level":"info","message":"* * Application started on http://localhost:7000/  *","timestamp":"2016-10-18T08:46:26.870Z"}
{"level":"info","message":"****************************************************","timestamp":"2016-10-18T08:46:26.870Z"}
{"level":"debug","message":"request comes to node. path = /trigger/index... now = 2016-10-18 16:46:29","timestamp":"2016-10-18T08:46:29.327Z"}
{"level":"info","message":"****************************************************","timestamp":"2016-10-18T08:47:04.981Z"}
{"level":"info","message":"* * Application started on http://localhost:7000/  *","timestamp":"2016-10-18T08:47:04.982Z"}
{"level":"info","message":"****************************************************","timestamp":"2016-10-18T08:47:04.983Z"}
{"level":"info","message":"****************************************************","timestamp":"2016-10-18T08:47:35.145Z"}
{"level":"info","message":"* * Application started on http://localhost:7000/  *","timestamp":"2016-10-18T08:47:35.146Z"}
{"level":"info","message":"****************************************************","timestamp":"2016-10-18T08:47:35.147Z"}
{"level":"debug","message":"request comes to node. path = /trigger/index... now = 2016-10-18 16:47:42","timestamp":"2016-10-18T08:47:42.973Z"}
{"level":"info","message":"****************************************************","timestamp":"2016-10-18T08:49:09.823Z"}
{"level":"info","message":"* * Application started on http://localhost:7000/  *","timestamp":"2016-10-18T08:49:09.824Z"}
{"level":"info","message":"****************************************************","timestamp":"2016-10-18T08:49:09.824Z"}
{"level":"debug","message":"request comes to node. path = /trigger/index... now = 2016-10-18 16:49:10","timestamp":"2016-10-18T08:49:10.166Z"}
{"level":"info","message":"****************************************************","timestamp":"2016-10-18T08:49:32.095Z"}
{"level":"info","message":"* * Application started on http://localhost:7000/  *","timestamp":"2016-10-18T08:49:32.097Z"}
{"level":"info","message":"****************************************************","timestamp":"2016-10-18T08:49:32.097Z"}
{"level":"info","message":"****************************************************","timestamp":"2016-10-18T08:50:20.659Z"}
{"level":"info","message":"* * Application started on http://localhost:7000/  *","timestamp":"2016-10-18T08:50:20.660Z"}
{"level":"info","message":"****************************************************","timestamp":"2016-10-18T08:50:20.660Z"}
{"level":"info","message":"****************************************************","timestamp":"2016-10-18T08:51:31.890Z"}
{"level":"info","message":"* * Application started on http://localhost:7000/  *","timestamp":"2016-10-18T08:51:31.891Z"}
{"level":"info","message":"****************************************************","timestamp":"2016-10-18T08:51:31.892Z"}
{"level":"info","message":"****************************************************","timestamp":"2016-10-18T08:51:42.058Z"}
{"level":"info","message":"* * Application started on http://localhost:7000/  *","timestamp":"2016-10-18T08:51:42.059Z"}
{"level":"info","message":"****************************************************","timestamp":"2016-10-18T08:51:42.060Z"}
{"level":"info","message":"****************************************************","timestamp":"2016-10-18T08:51:56.056Z"}
{"level":"info","message":"* * Application started on http://localhost:7000/  *","timestamp":"2016-10-18T08:51:56.057Z"}
{"level":"info","message":"****************************************************","timestamp":"2016-10-18T08:51:56.057Z"}
{"level":"info","message":"****************************************************","timestamp":"2016-10-18T08:52:08.351Z"}
{"level":"info","message":"* * Application started on http://localhost:7000/  *","timestamp":"2016-10-18T08:52:08.353Z"}
{"level":"info","message":"****************************************************","timestamp":"2016-10-18T08:52:08.353Z"}
{"level":"info","message":"****************************************************","timestamp":"2016-10-18T08:52:19.669Z"}
{"level":"info","message":"* * Application started on http://localhost:7000/  *","timestamp":"2016-10-18T08:52:19.670Z"}
{"level":"info","message":"****************************************************","timestamp":"2016-10-18T08:52:19.670Z"}
{"level":"info","message":"****************************************************","timestamp":"2016-10-18T08:52:33.580Z"}
{"level":"info","message":"* * Application started on http://localhost:7000/  *","timestamp":"2016-10-18T08:52:33.581Z"}
{"level":"info","message":"****************************************************","timestamp":"2016-10-18T08:52:33.582Z"}
{"level":"info","message":"****************************************************","timestamp":"2016-10-18T08:52:49.239Z"}
{"level":"info","message":"* * Application started on http://localhost:7000/  *","timestamp":"2016-10-18T08:52:49.241Z"}
{"level":"info","message":"****************************************************","timestamp":"2016-10-18T08:52:49.241Z"}
{"level":"debug","message":"request comes to node. path = /trigger/index... now = 2016-10-18 16:52:49","timestamp":"2016-10-18T08:52:49.613Z"}
{"level":"info","message":"****************************************************","timestamp":"2016-10-18T08:52:50.508Z"}
{"level":"info","message":"* * Application started on http://localhost:7000/  *","timestamp":"2016-10-18T08:52:50.510Z"}
{"level":"info","message":"****************************************************","timestamp":"2016-10-18T08:52:50.510Z"}
{"level":"info","message":"****************************************************","timestamp":"2016-10-18T08:53:16.518Z"}
{"level":"info","message":"* * Application started on http://localhost:7000/  *","timestamp":"2016-10-18T08:53:16.519Z"}
{"level":"info","message":"****************************************************","timestamp":"2016-10-18T08:53:16.520Z"}
{"level":"info","message":"****************************************************","timestamp":"2016-10-18T08:53:27.115Z"}
{"level":"info","message":"* * Application started on http://localhost:7000/  *","timestamp":"2016-10-18T08:53:27.117Z"}
{"level":"info","message":"****************************************************","timestamp":"2016-10-18T08:53:27.117Z"}
{"level":"debug","message":"request comes to node. path = /trigger/index... now = 2016-10-18 16:53:27","timestamp":"2016-10-18T08:53:27.786Z"}
{"level":"info","message":"****************************************************","timestamp":"2016-10-18T08:53:28.710Z"}
{"level":"info","message":"* * Application started on http://localhost:7000/  *","timestamp":"2016-10-18T08:53:28.712Z"}
{"level":"info","message":"****************************************************","timestamp":"2016-10-18T08:53:28.712Z"}
{"level":"info","message":"****************************************************","timestamp":"2016-10-18T08:53:44.627Z"}
{"level":"info","message":"* * Application started on http://localhost:7000/  *","timestamp":"2016-10-18T08:53:44.628Z"}
{"level":"info","message":"****************************************************","timestamp":"2016-10-18T08:53:44.628Z"}
{"level":"debug","message":"request comes to node. path = /trigger/index... now = 2016-10-18 16:53:44","timestamp":"2016-10-18T08:53:44.787Z"}
{"level":"info","message":"****************************************************","timestamp":"2016-10-18T08:53:45.717Z"}
{"level":"info","message":"* * Application started on http://localhost:7000/  *","timestamp":"2016-10-18T08:53:45.719Z"}
{"level":"info","message":"****************************************************","timestamp":"2016-10-18T08:53:45.719Z"}
{"level":"debug","message":"request comes to node. path = /trigger/index... now = 2016-10-18 16:53:59","timestamp":"2016-10-18T08:53:59.175Z"}
{"level":"info","message":"****************************************************","timestamp":"2016-10-18T08:53:59.709Z"}
{"level":"info","message":"* * Application started on http://localhost:7000/  *","timestamp":"2016-10-18T08:53:59.710Z"}
{"level":"info","message":"****************************************************","timestamp":"2016-10-18T08:53:59.710Z"}
{"level":"info","message":"****************************************************","timestamp":"2016-10-18T08:54:47.200Z"}
{"level":"info","message":"* * Application started on http://localhost:7000/  *","timestamp":"2016-10-18T08:54:47.201Z"}
{"level":"info","message":"****************************************************","timestamp":"2016-10-18T08:54:47.202Z"}
{"level":"debug","message":"request comes to node. path = /trigger/index... now = 2016-10-18 16:54:51","timestamp":"2016-10-18T08:54:51.484Z"}
{"level":"info","message":"****************************************************","timestamp":"2016-10-18T08:55:14.959Z"}
{"level":"info","message":"* * Application started on http://localhost:7000/  *","timestamp":"2016-10-18T08:55:14.960Z"}
{"level":"info","message":"****************************************************","timestamp":"2016-10-18T08:55:14.961Z"}
{"level":"debug","message":"request comes to node. path = /trigger/index... now = 2016-10-18 16:55:15","timestamp":"2016-10-18T08:55:15.404Z"}
{"level":"info","message":"****************************************************","timestamp":"2016-10-18T08:55:58.226Z"}
{"level":"info","message":"* * Application started on http://localhost:7000/  *","timestamp":"2016-10-18T08:55:58.228Z"}
{"level":"info","message":"****************************************************","timestamp":"2016-10-18T08:55:58.228Z"}
{"level":"info","message":"****************************************************","timestamp":"2016-10-18T09:05:38.998Z"}
{"level":"info","message":"* * Application started on http://localhost:7000/  *","timestamp":"2016-10-18T09:05:38.999Z"}
{"level":"info","message":"****************************************************","timestamp":"2016-10-18T09:05:38.999Z"}
{"level":"info","message":"****************************************************","timestamp":"2016-10-18T09:06:43.087Z"}
{"level":"info","message":"* * Application started on http://localhost:7000/  *","timestamp":"2016-10-18T09:06:43.089Z"}
{"level":"info","message":"****************************************************","timestamp":"2016-10-18T09:06:43.089Z"}
{"level":"info","message":"****************************************************","timestamp":"2016-10-18T09:06:44.957Z"}
{"level":"info","message":"* * Application started on http://localhost:7000/  *","timestamp":"2016-10-18T09:06:44.958Z"}
{"level":"info","message":"****************************************************","timestamp":"2016-10-18T09:06:44.958Z"}
{"level":"info","message":"****************************************************","timestamp":"2016-10-18T09:09:03.274Z"}
{"level":"info","message":"* * Application started on http://localhost:7000/  *","timestamp":"2016-10-18T09:09:03.276Z"}
{"level":"info","message":"****************************************************","timestamp":"2016-10-18T09:09:03.276Z"}
{"level":"info","message":"****************************************************","timestamp":"2016-10-18T09:09:37.440Z"}
{"level":"info","message":"* * Application started on http://localhost:7000/  *","timestamp":"2016-10-18T09:09:37.442Z"}
{"level":"info","message":"****************************************************","timestamp":"2016-10-18T09:09:37.442Z"}
{"level":"debug","message":"request comes to node. path = /trigger/index... now = 2016-10-18 17:09:39","timestamp":"2016-10-18T09:09:39.578Z"}
{"level":"info","message":"****************************************************","timestamp":"2016-10-18T09:11:57.028Z"}
{"level":"info","message":"* * Application started on http://localhost:7000/  *","timestamp":"2016-10-18T09:11:57.029Z"}
{"level":"info","message":"****************************************************","timestamp":"2016-10-18T09:11:57.029Z"}
{"level":"debug","message":"request comes to node. path = /trigger/index... now = 2016-10-18 17:11:59","timestamp":"2016-10-18T09:11:59.313Z"}
{"level":"info","message":"****************************************************","timestamp":"2016-10-18T09:12:18.725Z"}
{"level":"info","message":"* * Application started on http://localhost:7000/  *","timestamp":"2016-10-18T09:12:18.726Z"}
{"level":"info","message":"****************************************************","timestamp":"2016-10-18T09:12:18.727Z"}
{"level":"debug","message":"request comes to node. path = /trigger/index... now = 2016-10-18 17:12:19","timestamp":"2016-10-18T09:12:19.078Z"}
{"level":"info","message":"****************************************************","timestamp":"2016-10-18T09:12:36.575Z"}
{"level":"info","message":"* * Application started on http://localhost:7000/  *","timestamp":"2016-10-18T09:12:36.577Z"}
{"level":"info","message":"****************************************************","timestamp":"2016-10-18T09:12:36.577Z"}
